<?xml version="1.0" encoding="UTF-8"?>
<coverage generated="1772381069896" clover="3.2.0">
  <project timestamp="1772381069897" name="All files">
    <metrics statements="71" coveredstatements="71" conditionals="39" coveredconditionals="37" methods="11" coveredmethods="11" elements="121" coveredelements="119" complexity="0" loc="71" ncloc="71" packages="1" files="1" classes="1"/>
    <file name="popover.js" path="D:\FE-85\Блок 8_Продвинутый JavaScript в браузере\ДЗ\5_HTML forms\src\popover.js">
      <metrics statements="71" coveredstatements="71" conditionals="39" coveredconditionals="37" methods="11" coveredmethods="11"/>
      <line num="3" count="32" type="stmt"/>
      <line num="4" count="32" type="stmt"/>
      <line num="5" count="32" type="stmt"/>
      <line num="8" count="32" type="stmt"/>
      <line num="9" count="32" type="stmt"/>
      <line num="11" count="32" type="stmt"/>
      <line num="12" count="32" type="stmt"/>
      <line num="14" count="32" type="stmt"/>
      <line num="20" count="22" type="stmt"/>
      <line num="23" count="22" type="cond" truecount="2" falsecount="0"/>
      <line num="29" count="19" type="stmt"/>
      <line num="31" count="19" type="cond" truecount="2" falsecount="0"/>
      <line num="35" count="32" type="stmt"/>
      <line num="39" count="18" type="cond" truecount="2" falsecount="0"/>
      <line num="40" count="1" type="stmt"/>
      <line num="42" count="17" type="stmt"/>
      <line num="49" count="20" type="stmt"/>
      <line num="52" count="20" type="cond" truecount="2" falsecount="0"/>
      <line num="53" count="20" type="cond" truecount="3" falsecount="0"/>
      <line num="56" count="20" type="cond" truecount="4" falsecount="0"/>
      <line num="57" count="1" type="stmt"/>
      <line num="63" count="17" type="stmt"/>
      <line num="64" count="17" type="stmt"/>
      <line num="66" count="17" type="stmt"/>
      <line num="68" count="17" type="cond" truecount="2" falsecount="0"/>
      <line num="69" count="16" type="stmt"/>
      <line num="70" count="16" type="stmt"/>
      <line num="71" count="16" type="stmt"/>
      <line num="72" count="16" type="stmt"/>
      <line num="75" count="17" type="stmt"/>
      <line num="76" count="17" type="stmt"/>
      <line num="77" count="17" type="stmt"/>
      <line num="78" count="17" type="stmt"/>
      <line num="81" count="17" type="stmt"/>
      <line num="82" count="17" type="stmt"/>
      <line num="83" count="17" type="stmt"/>
      <line num="85" count="17" type="stmt"/>
      <line num="90" count="18" type="cond" truecount="2" falsecount="0"/>
      <line num="92" count="17" type="stmt"/>
      <line num="93" count="17" type="stmt"/>
      <line num="95" count="17" type="stmt"/>
      <line num="96" count="17" type="stmt"/>
      <line num="99" count="17" type="stmt"/>
      <line num="108" count="2" type="cond" truecount="3" falsecount="1"/>
      <line num="110" count="2" type="stmt"/>
      <line num="111" count="2" type="stmt"/>
      <line num="112" count="2" type="stmt"/>
      <line num="114" count="2" type="stmt"/>
      <line num="118" count="24" type="stmt"/>
      <line num="119" count="24" type="stmt"/>
      <line num="122" count="24" type="stmt"/>
      <line num="126" count="24" type="cond" truecount="2" falsecount="0"/>
      <line num="127" count="15" type="stmt"/>
      <line num="130" count="24" type="stmt"/>
      <line num="131" count="24" type="cond" truecount="2" falsecount="0"/>
      <line num="132" count="2" type="stmt"/>
      <line num="136" count="24" type="stmt"/>
      <line num="139" count="24" type="stmt"/>
      <line num="140" count="24" type="stmt"/>
      <line num="142" count="24" type="stmt"/>
      <line num="143" count="24" type="cond" truecount="2" falsecount="0"/>
      <line num="144" count="22" type="stmt"/>
      <line num="145" count="22" type="stmt"/>
      <line num="147" count="22" type="stmt"/>
      <line num="148" count="22" type="stmt"/>
      <line num="154" count="34" type="cond" truecount="2" falsecount="0"/>
      <line num="155" count="15" type="stmt"/>
      <line num="156" count="15" type="stmt"/>
      <line num="160" count="34" type="stmt"/>
      <line num="161" count="34" type="stmt"/>
      <line num="163" count="34" type="stmt"/>
    </file>
  </project>
</coverage>
