{"D:\\FE-85\\Блок 8_Продвинутый JavaScript в браузере\\ДЗ\\5_HTML forms\\src\\popover.js": {"path":"D:\\FE-85\\Блок 8_Продвинутый JavaScript в браузере\\ДЗ\\5_HTML forms\\src\\popover.js","statementMap":{"0":{"start":{"line":3,"column":4},"end":{"line":3,"column":27}},"1":{"start":{"line":4,"column":4},"end":{"line":4,"column":31}},"2":{"start":{"line":5,"column":4},"end":{"line":5,"column":27}},"3":{"start":{"line":8,"column":4},"end":{"line":8,"column":46}},"4":{"start":{"line":9,"column":4},"end":{"line":9,"column":50}},"5":{"start":{"line":11,"column":4},"end":{"line":11,"column":51}},"6":{"start":{"line":12,"column":4},"end":{"line":12,"column":67}},"7":{"start":{"line":14,"column":4},"end":{"line":14,"column":16}},"8":{"start":{"line":20,"column":25},"end":{"line":20,"column":58}},"9":{"start":{"line":23,"column":4},"end":{"line":25,"column":67}},"10":{"start":{"line":29,"column":27},"end":{"line":29,"column":62}},"11":{"start":{"line":31,"column":4},"end":{"line":31,"column":72}},"12":{"start":{"line":35,"column":4},"end":{"line":35,"column":61}},"13":{"start":{"line":39,"column":4},"end":{"line":43,"column":5}},"14":{"start":{"line":40,"column":6},"end":{"line":40,"column":18}},"15":{"start":{"line":42,"column":6},"end":{"line":42,"column":18}},"16":{"start":{"line":49,"column":17},"end":{"line":49,"column":29}},"17":{"start":{"line":52,"column":26},"end":{"line":52,"column":82}},"18":{"start":{"line":53,"column":27},"end":{"line":53,"column":122}},"19":{"start":{"line":56,"column":2},"end":{"line":58,"column":3}},"20":{"start":{"line":57,"column":4},"end":{"line":57,"column":16}},"21":{"start":{"line":63,"column":20},"end":{"line":63,"column":49}},"22":{"start":{"line":64,"column":4},"end":{"line":64,"column":34}},"23":{"start":{"line":66,"column":19},"end":{"line":66,"column":34}},"24":{"start":{"line":68,"column":4},"end":{"line":73,"column":5}},"25":{"start":{"line":69,"column":21},"end":{"line":69,"column":50}},"26":{"start":{"line":70,"column":6},"end":{"line":70,"column":42}},"27":{"start":{"line":71,"column":6},"end":{"line":71,"column":33}},"28":{"start":{"line":72,"column":6},"end":{"line":72,"column":34}},"29":{"start":{"line":75,"column":17},"end":{"line":75,"column":46}},"30":{"start":{"line":76,"column":4},"end":{"line":76,"column":36}},"31":{"start":{"line":77,"column":4},"end":{"line":77,"column":41}},"32":{"start":{"line":78,"column":4},"end":{"line":78,"column":30}},"33":{"start":{"line":81,"column":18},"end":{"line":81,"column":47}},"34":{"start":{"line":82,"column":4},"end":{"line":82,"column":38}},"35":{"start":{"line":83,"column":4},"end":{"line":83,"column":31}},"36":{"start":{"line":85,"column":4},"end":{"line":85,"column":19}},"37":{"start":{"line":90,"column":4},"end":{"line":90,"column":31}},"38":{"start":{"line":90,"column":24},"end":{"line":90,"column":31}},"39":{"start":{"line":92,"column":4},"end":{"line":92,"column":47}},"40":{"start":{"line":93,"column":4},"end":{"line":93,"column":51}},"41":{"start":{"line":95,"column":4},"end":{"line":95,"column":27}},"42":{"start":{"line":96,"column":4},"end":{"line":96,"column":26}},"43":{"start":{"line":99,"column":4},"end":{"line":99,"column":65}},"44":{"start":{"line":108,"column":4},"end":{"line":108,"column":56}},"45":{"start":{"line":108,"column":49},"end":{"line":108,"column":56}},"46":{"start":{"line":110,"column":4},"end":{"line":110,"column":33}},"47":{"start":{"line":111,"column":4},"end":{"line":111,"column":31}},"48":{"start":{"line":112,"column":4},"end":{"line":112,"column":27}},"49":{"start":{"line":114,"column":4},"end":{"line":114,"column":68}},"50":{"start":{"line":118,"column":24},"end":{"line":118,"column":60}},"51":{"start":{"line":119,"column":24},"end":{"line":119,"column":67}},"52":{"start":{"line":122,"column":15},"end":{"line":122,"column":83}},"53":{"start":{"line":126,"column":4},"end":{"line":128,"column":5}},"54":{"start":{"line":127,"column":6},"end":{"line":127,"column":16}},"55":{"start":{"line":130,"column":22},"end":{"line":130,"column":46}},"56":{"start":{"line":131,"column":4},"end":{"line":133,"column":5}},"57":{"start":{"line":132,"column":6},"end":{"line":132,"column":56}},"58":{"start":{"line":136,"column":16},"end":{"line":136,"column":57}},"59":{"start":{"line":139,"column":4},"end":{"line":139,"column":66}},"60":{"start":{"line":140,"column":4},"end":{"line":140,"column":64}},"61":{"start":{"line":142,"column":18},"end":{"line":142,"column":69}},"62":{"start":{"line":143,"column":4},"end":{"line":149,"column":5}},"63":{"start":{"line":144,"column":33},"end":{"line":144,"column":76}},"64":{"start":{"line":145,"column":28},"end":{"line":145,"column":70}},"65":{"start":{"line":147,"column":24},"end":{"line":147,"column":63}},"66":{"start":{"line":148,"column":6},"end":{"line":148,"column":42}},"67":{"start":{"line":154,"column":2},"end":{"line":157,"column":3}},"68":{"start":{"line":155,"column":4},"end":{"line":155,"column":33}},"69":{"start":{"line":156,"column":4},"end":{"line":156,"column":31}},"70":{"start":{"line":160,"column":2},"end":{"line":160,"column":62}},"71":{"start":{"line":161,"column":2},"end":{"line":161,"column":66}},"72":{"start":{"line":163,"column":2},"end":{"line":163,"column":25}}},"fnMap":{"0":{"name":"(anonymous_0)","decl":{"start":{"line":2,"column":2},"end":{"line":2,"column":3}},"loc":{"start":{"line":2,"column":23},"end":{"line":15,"column":3}},"line":2},"1":{"name":"(anonymous_1)","decl":{"start":{"line":18,"column":2},"end":{"line":18,"column":3}},"loc":{"start":{"line":18,"column":13},"end":{"line":26,"column":3}},"line":18},"2":{"name":"(anonymous_2)","decl":{"start":{"line":28,"column":2},"end":{"line":28,"column":3}},"loc":{"start":{"line":28,"column":15},"end":{"line":32,"column":3}},"line":28},"3":{"name":"(anonymous_3)","decl":{"start":{"line":34,"column":2},"end":{"line":34,"column":3}},"loc":{"start":{"line":34,"column":9},"end":{"line":36,"column":3}},"line":34},"4":{"name":"(anonymous_4)","decl":{"start":{"line":38,"column":2},"end":{"line":38,"column":3}},"loc":{"start":{"line":38,"column":16},"end":{"line":44,"column":3}},"line":38},"5":{"name":"(anonymous_5)","decl":{"start":{"line":47,"column":2},"end":{"line":47,"column":3}},"loc":{"start":{"line":47,"column":29},"end":{"line":59,"column":3}},"line":47},"6":{"name":"(anonymous_6)","decl":{"start":{"line":62,"column":2},"end":{"line":62,"column":3}},"loc":{"start":{"line":62,"column":18},"end":{"line":86,"column":3}},"line":62},"7":{"name":"(anonymous_7)","decl":{"start":{"line":89,"column":2},"end":{"line":89,"column":3}},"loc":{"start":{"line":89,"column":9},"end":{"line":104,"column":3}},"line":89},"8":{"name":"(anonymous_8)","decl":{"start":{"line":107,"column":2},"end":{"line":107,"column":3}},"loc":{"start":{"line":107,"column":9},"end":{"line":115,"column":3}},"line":107},"9":{"name":"(anonymous_9)","decl":{"start":{"line":117,"column":2},"end":{"line":117,"column":3}},"loc":{"start":{"line":117,"column":20},"end":{"line":150,"column":3}},"line":117},"10":{"name":"(anonymous_10)","decl":{"start":{"line":152,"column":2},"end":{"line":152,"column":3}},"loc":{"start":{"line":152,"column":12},"end":{"line":164,"column":3}},"line":152}},"branchMap":{"0":{"loc":{"start":{"line":23,"column":11},"end":{"line":25,"column":66}},"type":"cond-expr","locations":[{"start":{"line":24,"column":7},"end":{"line":24,"column":71}},{"start":{"line":25,"column":7},"end":{"line":25,"column":65}}],"line":23},"1":{"loc":{"start":{"line":24,"column":7},"end":{"line":24,"column":71}},"type":"cond-expr","locations":[{"start":{"line":24,"column":52},"end":{"line":24,"column":64}},{"start":{"line":24,"column":67},"end":{"line":24,"column":71}}],"line":24},"2":{"loc":{"start":{"line":24,"column":7},"end":{"line":24,"column":49}},"type":"binary-expr","locations":[{"start":{"line":24,"column":7},"end":{"line":24,"column":19}},{"start":{"line":24,"column":23},"end":{"line":24,"column":49}}],"line":24},"3":{"loc":{"start":{"line":25,"column":7},"end":{"line":25,"column":65}},"type":"cond-expr","locations":[{"start":{"line":25,"column":48},"end":{"line":25,"column":58}},{"start":{"line":25,"column":61},"end":{"line":25,"column":65}}],"line":25},"4":{"loc":{"start":{"line":25,"column":7},"end":{"line":25,"column":45}},"type":"binary-expr","locations":[{"start":{"line":25,"column":7},"end":{"line":25,"column":17}},{"start":{"line":25,"column":21},"end":{"line":25,"column":45}}],"line":25},"5":{"loc":{"start":{"line":31,"column":11},"end":{"line":31,"column":71}},"type":"cond-expr","locations":[{"start":{"line":31,"column":42},"end":{"line":31,"column":56}},{"start":{"line":31,"column":59},"end":{"line":31,"column":71}}],"line":31},"6":{"loc":{"start":{"line":39,"column":4},"end":{"line":43,"column":5}},"type":"if","locations":[{"start":{"line":39,"column":4},"end":{"line":43,"column":5}},{"start":{"line":41,"column":11},"end":{"line":43,"column":5}}],"line":39},"7":{"loc":{"start":{"line":52,"column":26},"end":{"line":52,"column":82}},"type":"binary-expr","locations":[{"start":{"line":52,"column":26},"end":{"line":52,"column":49}},{"start":{"line":52,"column":53},"end":{"line":52,"column":82}}],"line":52},"8":{"loc":{"start":{"line":53,"column":27},"end":{"line":53,"column":122}},"type":"binary-expr","locations":[{"start":{"line":53,"column":27},"end":{"line":53,"column":46}},{"start":{"line":53,"column":51},"end":{"line":53,"column":81}},{"start":{"line":53,"column":85},"end":{"line":53,"column":121}}],"line":53},"9":{"loc":{"start":{"line":56,"column":2},"end":{"line":58,"column":3}},"type":"if","locations":[{"start":{"line":56,"column":2},"end":{"line":58,"column":3}},{"start":{},"end":{}}],"line":56},"10":{"loc":{"start":{"line":56,"column":6},"end":{"line":56,"column":43}},"type":"binary-expr","locations":[{"start":{"line":56,"column":6},"end":{"line":56,"column":22}},{"start":{"line":56,"column":26},"end":{"line":56,"column":43}}],"line":56},"11":{"loc":{"start":{"line":68,"column":4},"end":{"line":73,"column":5}},"type":"if","locations":[{"start":{"line":68,"column":4},"end":{"line":73,"column":5}},{"start":{},"end":{}}],"line":68},"12":{"loc":{"start":{"line":90,"column":4},"end":{"line":90,"column":31}},"type":"if","locations":[{"start":{"line":90,"column":4},"end":{"line":90,"column":31}},{"start":{},"end":{}}],"line":90},"13":{"loc":{"start":{"line":108,"column":4},"end":{"line":108,"column":56}},"type":"if","locations":[{"start":{"line":108,"column":4},"end":{"line":108,"column":56}},{"start":{},"end":{}}],"line":108},"14":{"loc":{"start":{"line":108,"column":8},"end":{"line":108,"column":47}},"type":"binary-expr","locations":[{"start":{"line":108,"column":8},"end":{"line":108,"column":23}},{"start":{"line":108,"column":27},"end":{"line":108,"column":47}}],"line":108},"15":{"loc":{"start":{"line":126,"column":4},"end":{"line":128,"column":5}},"type":"if","locations":[{"start":{"line":126,"column":4},"end":{"line":128,"column":5}},{"start":{},"end":{}}],"line":126},"16":{"loc":{"start":{"line":131,"column":4},"end":{"line":133,"column":5}},"type":"if","locations":[{"start":{"line":131,"column":4},"end":{"line":133,"column":5}},{"start":{},"end":{}}],"line":131},"17":{"loc":{"start":{"line":143,"column":4},"end":{"line":149,"column":5}},"type":"if","locations":[{"start":{"line":143,"column":4},"end":{"line":149,"column":5}},{"start":{},"end":{}}],"line":143},"18":{"loc":{"start":{"line":154,"column":2},"end":{"line":157,"column":3}},"type":"if","locations":[{"start":{"line":154,"column":2},"end":{"line":157,"column":3}},{"start":{},"end":{}}],"line":154}},"s":{"0":32,"1":32,"2":32,"3":32,"4":32,"5":32,"6":32,"7":32,"8":22,"9":22,"10":19,"11":19,"12":32,"13":18,"14":1,"15":17,"16":20,"17":20,"18":20,"19":20,"20":1,"21":17,"22":17,"23":17,"24":17,"25":16,"26":16,"27":16,"28":16,"29":17,"30":17,"31":17,"32":17,"33":17,"34":17,"35":17,"36":17,"37":18,"38":1,"39":17,"40":17,"41":17,"42":17,"43":17,"44":2,"45":0,"46":2,"47":2,"48":2,"49":2,"50":24,"51":24,"52":24,"53":24,"54":15,"55":24,"56":24,"57":2,"58":24,"59":24,"60":24,"61":24,"62":24,"63":22,"64":22,"65":22,"66":22,"67":34,"68":15,"69":15,"70":34,"71":34,"72":34},"f":{"0":32,"1":22,"2":19,"3":32,"4":18,"5":20,"6":17,"7":18,"8":2,"9":24,"10":34},"b":{"0":[21,1],"1":[17,4],"2":[21,18],"3":[1,0],"4":[1,1],"5":[18,1],"6":[1,17],"7":[20,3],"8":[20,20,19],"9":[1,19],"10":[20,3],"11":[16,1],"12":[1,17],"13":[0,2],"14":[2,2],"15":[15,9],"16":[2,22],"17":[22,2],"18":[15,19]},"_coverageSchema":"1a1c01bbd47fc00a2c39e90264f33305004495a9","hash":"c837cac705c8c98745d6979adf89209e2d82a22b"}
}
