TN:
SF:src\popover.js
FN:2,(anonymous_0)
FN:18,(anonymous_1)
FN:28,(anonymous_2)
FN:34,(anonymous_3)
FN:38,(anonymous_4)
FN:47,(anonymous_5)
FN:62,(anonymous_6)
FN:89,(anonymous_7)
FN:107,(anonymous_8)
FN:117,(anonymous_9)
FN:152,(anonymous_10)
FNF:11
FNH:11
FNDA:32,(anonymous_0)
FNDA:22,(anonymous_1)
FNDA:19,(anonymous_2)
FNDA:32,(anonymous_3)
FNDA:18,(anonymous_4)
FNDA:20,(anonymous_5)
FNDA:17,(anonymous_6)
FNDA:18,(anonymous_7)
FNDA:2,(anonymous_8)
FNDA:24,(anonymous_9)
FNDA:34,(anonymous_10)
DA:3,32
DA:4,32
DA:5,32
DA:8,32
DA:9,32
DA:11,32
DA:12,32
DA:14,32
DA:20,22
DA:23,22
DA:29,19
DA:31,19
DA:35,32
DA:39,18
DA:40,1
DA:42,17
DA:49,20
DA:52,20
DA:53,20
DA:56,20
DA:57,1
DA:63,17
DA:64,17
DA:66,17
DA:68,17
DA:69,16
DA:70,16
DA:71,16
DA:72,16
DA:75,17
DA:76,17
DA:77,17
DA:78,17
DA:81,17
DA:82,17
DA:83,17
DA:85,17
DA:90,18
DA:92,17
DA:93,17
DA:95,17
DA:96,17
DA:99,17
DA:108,2
DA:110,2
DA:111,2
DA:112,2
DA:114,2
DA:118,24
DA:119,24
DA:122,24
DA:126,24
DA:127,15
DA:130,24
DA:131,24
DA:132,2
DA:136,24
DA:139,24
DA:140,24
DA:142,24
DA:143,24
DA:144,22
DA:145,22
DA:147,22
DA:148,22
DA:154,34
DA:155,15
DA:156,15
DA:160,34
DA:161,34
DA:163,34
LF:71
LH:71
BRDA:23,0,0,21
BRDA:23,0,1,1
BRDA:24,1,0,17
BRDA:24,1,1,4
BRDA:24,2,0,21
BRDA:24,2,1,18
BRDA:25,3,0,1
BRDA:25,3,1,0
BRDA:25,4,0,1
BRDA:25,4,1,1
BRDA:31,5,0,18
BRDA:31,5,1,1
BRDA:39,6,0,1
BRDA:39,6,1,17
BRDA:52,7,0,20
BRDA:52,7,1,3
BRDA:53,8,0,20
BRDA:53,8,1,20
BRDA:53,8,2,19
BRDA:56,9,0,1
BRDA:56,9,1,19
BRDA:56,10,0,20
BRDA:56,10,1,3
BRDA:68,11,0,16
BRDA:68,11,1,1
BRDA:90,12,0,1
BRDA:90,12,1,17
BRDA:108,13,0,0
BRDA:108,13,1,2
BRDA:108,14,0,2
BRDA:108,14,1,2
BRDA:126,15,0,15
BRDA:126,15,1,9
BRDA:131,16,0,2
BRDA:131,16,1,22
BRDA:143,17,0,22
BRDA:143,17,1,2
BRDA:154,18,0,15
BRDA:154,18,1,19
BRF:39
BRH:37
end_of_record
